<?xml version="1.0" encoding="UTF-8"?>
<testsuite name="com.takehomeexcercise.ui.activity.ListingActivityTest" tests="2" skipped="0" failures="0" errors="0" timestamp="2022-09-11T11:18:31" hostname="ES-Mitesh-Linux" time="0.205">
  <properties/>
  <testcase name="isListHaveData" classname="com.takehomeexcercise.ui.activity.ListingActivityTest" time="0.188"/>
  <testcase name="isListNoteHaveData" classname="com.takehomeexcercise.ui.activity.ListingActivityTest" time="0.002"/>
  <system-out><![CDATA[]]></system-out>
  <system-err><![CDATA[]]></system-err>
</testsuite>
